c:\projects\starlight3d\zenscript\zenscript\x64\debug\zenscript.pch
c:\projects\starlight3d\starlightstudio\x64\debug\zenscript.pdb
c:\projects\starlight3d\starlightstudio\x64\debug\zenscript.idb
c:\projects\starlight3d\zenscript\zenscript\x64\debug\pch.obj
c:\projects\starlight3d\zenscript\zenscript\x64\debug\zclassnode.obj
c:\projects\starlight3d\zenscript\zenscript\x64\debug\zincnode.obj
c:\projects\starlight3d\zenscript\zenscript\x64\debug\zparseclass.obj
c:\projects\starlight3d\zenscript\zenscript\x64\debug\zparsenew.obj
c:\projects\starlight3d\zenscript\zenscript\x64\debug\zparsescript.obj
c:\projects\starlight3d\zenscript\zenscript\x64\debug\zparsewhile.obj
c:\projects\starlight3d\zenscript\zenscript\x64\debug\zsystemfunctions.obj
c:\projects\starlight3d\zenscript\zenscript\x64\debug\zvarsnode.obj
c:\projects\starlight3d\zenscript\zenscript\x64\debug\zcontextscope.obj
c:\projects\starlight3d\zenscript\zenscript\x64\debug\zenparser.obj
c:\projects\starlight3d\zenscript\zenscript\x64\debug\zexpressionnode.obj
c:\projects\starlight3d\zenscript\zenscript\x64\debug\zparseclassstatement.obj
c:\projects\starlight3d\zenscript\zenscript\x64\debug\zparsemethod.obj
c:\projects\starlight3d\zenscript\zenscript\x64\debug\zparsesigparam.obj
c:\projects\starlight3d\zenscript\zenscript\x64\debug\zprogramnode.obj
c:\projects\starlight3d\zenscript\zenscript\x64\debug\zsignaturenode.obj
c:\projects\starlight3d\zenscript\zenscript\x64\debug\zsystemfunction.obj
c:\projects\starlight3d\zenscript\zenscript\x64\debug\ztokenstream.obj
c:\projects\starlight3d\zenscript\zenscript\x64\debug\zassignnode.obj
c:\projects\starlight3d\zenscript\zenscript\x64\debug\zenbytecode.obj
c:\projects\starlight3d\zenscript\zenscript\x64\debug\zenscript.obj
c:\projects\starlight3d\zenscript\zenscript\x64\debug\zifnode.obj
c:\projects\starlight3d\zenscript\zenscript\x64\debug\zparseassign.obj
c:\projects\starlight3d\zenscript\zenscript\x64\debug\zparseif.obj
c:\projects\starlight3d\zenscript\zenscript\x64\debug\zparsereturn.obj
c:\projects\starlight3d\zenscript\zenscript\x64\debug\zparsevars.obj
c:\projects\starlight3d\zenscript\zenscript\x64\debug\zstatementnode.obj
c:\projects\starlight3d\zenscript\zenscript\x64\debug\zwhilenode.obj
c:\projects\starlight3d\zenscript\zenscript\x64\debug\zcodebodynode.obj
c:\projects\starlight3d\zenscript\zenscript\x64\debug\zcontextvar.obj
c:\projects\starlight3d\zenscript\zenscript\x64\debug\zmethodnode.obj
c:\projects\starlight3d\zenscript\zenscript\x64\debug\zparsecodebody.obj
c:\projects\starlight3d\zenscript\zenscript\x64\debug\zparsenode.obj
c:\projects\starlight3d\zenscript\zenscript\x64\debug\zparsesignature.obj
c:\projects\starlight3d\zenscript\zenscript\x64\debug\zreturnnode.obj
c:\projects\starlight3d\zenscript\zenscript\x64\debug\zsource.obj
c:\projects\starlight3d\zenscript\zenscript\x64\debug\dircollection.obj
c:\projects\starlight3d\zenscript\zenscript\x64\debug\znewnode.obj
c:\projects\starlight3d\zenscript\zenscript\x64\debug\zparsefor.obj
c:\projects\starlight3d\zenscript\zenscript\x64\debug\zparseparameters.obj
c:\projects\starlight3d\zenscript\zenscript\x64\debug\zparsestatement.obj
c:\projects\starlight3d\zenscript\zenscript\x64\debug\zscriptnode.obj
c:\projects\starlight3d\zenscript\zenscript\x64\debug\zsigparamnode.obj
c:\projects\starlight3d\zenscript\zenscript\x64\debug\ztokenizer.obj
c:\projects\starlight3d\zenscript\zenscript\x64\debug\zclassstatementnode.obj
c:\projects\starlight3d\zenscript\zenscript\x64\debug\zfornode.obj
c:\projects\starlight3d\zenscript\zenscript\x64\debug\zparametersnode.obj
c:\projects\starlight3d\zenscript\zenscript\x64\debug\zparseexpression.obj
c:\projects\starlight3d\zenscript\zenscript\x64\debug\zparser.obj
c:\projects\starlight3d\zenscript\zenscript\x64\debug\zparsevalue.obj
c:\projects\starlight3d\zenscript\zenscript\x64\debug\zscriptcontext.obj
c:\projects\starlight3d\starlightstudio\x64\debug\zenscript.lib
c:\projects\starlight3d\zenscript\zenscript\x64\debug\zenscript.tlog\cl.command.1.tlog
c:\projects\starlight3d\zenscript\zenscript\x64\debug\zenscript.tlog\cl.read.1.tlog
c:\projects\starlight3d\zenscript\zenscript\x64\debug\zenscript.tlog\cl.write.1.tlog
c:\projects\starlight3d\zenscript\zenscript\x64\debug\zenscript.tlog\lib-link.read.1.tlog
c:\projects\starlight3d\zenscript\zenscript\x64\debug\zenscript.tlog\lib-link.write.1.tlog
c:\projects\starlight3d\zenscript\zenscript\x64\debug\zenscript.tlog\lib.command.1.tlog
