  ZClassNode.cpp
  ZClassStatementNode.cpp
  ZMethodNode.cpp
  ZParseAssign.cpp
  ZParseClass.cpp
  ZParseClassStatement.cpp
C:\projects\Starlight3D\ZenScript\ZenScript\ZClassStatementNode.cpp(13,14): warning C4101: 'top': unreferenced local variable
C:\projects\Starlight3D\ZenScript\ZenScript\ZParseNode.h(16,8): warning C4101: 'stop': unreferenced local variable (compiling source file ZParseAssign.cpp)
C:\projects\Starlight3D\ZenScript\ZenScript\ZParseNode.h(16,8): warning C4101: 'stop': unreferenced local variable (compiling source file ZParseClassStatement.cpp)
C:\projects\Starlight3D\ZenScript\ZenScript\ZParseNode.h(16,8): warning C4101: 'stop': unreferenced local variable (compiling source file ZParseClass.cpp)
C:\projects\Starlight3D\ZenScript\ZenScript\ZParseClass.cpp(4,10): warning C4067: unexpected tokens following preprocessor directive - expected a newline
C:\projects\Starlight3D\ZenScript\ZenScript\ZClassStatementNode.cpp(117): warning C4715: 'ZClassStatementNode::GetReturnType': not all control paths return a value
  ZParseCodeBody.cpp
  ZParseExpression.cpp
  ZParseFor.cpp
  ZParseIf.cpp
  ZParseMethod.cpp
  ZParseNew.cpp
C:\projects\Starlight3D\ZenScript\ZenScript\ZParseNode.h(16,8): warning C4101: 'stop': unreferenced local variable (compiling source file ZParseExpression.cpp)
C:\projects\Starlight3D\ZenScript\ZenScript\ZParseNode.h(16,8): warning C4101: 'stop': unreferenced local variable (compiling source file ZParseFor.cpp)
C:\projects\Starlight3D\ZenScript\ZenScript\ZParseNode.h(16,8): warning C4101: 'stop': unreferenced local variable (compiling source file ZParseIf.cpp)
C:\projects\Starlight3D\ZenScript\ZenScript\ZParseNode.h(16,8): warning C4101: 'stop': unreferenced local variable (compiling source file ZParseMethod.cpp)
C:\projects\Starlight3D\ZenScript\ZenScript\ZParseNode.h(16,8): warning C4101: 'stop': unreferenced local variable (compiling source file ZParseCodeBody.cpp)
C:\projects\Starlight3D\ZenScript\ZenScript\ZParseNode.h(16,8): warning C4101: 'stop': unreferenced local variable (compiling source file ZParseNew.cpp)
  ZParseNode.cpp
  ZParseParameters.cpp
  ZParseReturn.cpp
  ZParseScript.cpp
  ZParseSigParam.cpp
  ZParseSignature.cpp
C:\projects\Starlight3D\ZenScript\ZenScript\ZParseNode.h(16,8): warning C4101: 'stop': unreferenced local variable (compiling source file ZParseNode.cpp)
C:\projects\Starlight3D\ZenScript\ZenScript\ZParseNode.h(16,8): warning C4101: 'stop': unreferenced local variable (compiling source file ZParseParameters.cpp)
C:\projects\Starlight3D\ZenScript\ZenScript\ZParseNode.h(16,8): warning C4101: 'stop': unreferenced local variable (compiling source file ZParseScript.cpp)
C:\projects\Starlight3D\ZenScript\ZenScript\ZParseNode.h(16,8): warning C4101: 'stop': unreferenced local variable (compiling source file ZParseSigParam.cpp)
C:\projects\Starlight3D\ZenScript\ZenScript\ZParseNode.h(16,8): warning C4101: 'stop': unreferenced local variable (compiling source file ZParseReturn.cpp)
C:\projects\Starlight3D\ZenScript\ZenScript\ZParseNode.h(16,8): warning C4101: 'stop': unreferenced local variable (compiling source file ZParseSignature.cpp)
  ZParseStatement.cpp
  ZParseValue.cpp
  ZParseVars.cpp
  ZParseWhile.cpp
  ZParser.cpp
  ZScriptContext.cpp
C:\projects\Starlight3D\ZenScript\ZenScript\ZParseNode.h(16,8): warning C4101: 'stop': unreferenced local variable (compiling source file ZParseStatement.cpp)
C:\projects\Starlight3D\ZenScript\ZenScript\ZParseNode.h(16,8): warning C4101: 'stop': unreferenced local variable (compiling source file ZParseVars.cpp)
C:\projects\Starlight3D\ZenScript\ZenScript\ZParseNode.h(16,8): warning C4101: 'stop': unreferenced local variable (compiling source file ZParseValue.cpp)
C:\projects\Starlight3D\ZenScript\ZenScript\ZParseNode.h(16,8): warning C4101: 'stop': unreferenced local variable (compiling source file ZParseWhile.cpp)
C:\projects\Starlight3D\ZenScript\ZenScript\ZParseNode.h(16,8): warning C4101: 'stop': unreferenced local variable (compiling source file ZParser.cpp)
  ZStatementNode.cpp
  ZTokenStream.cpp
C:\projects\Starlight3D\ZenScript\ZenScript\ZParseNode.h(16,8): warning C4101: 'stop': unreferenced local variable (compiling source file ZScriptContext.cpp)
  ZTokenizer.cpp
  ZVarsNode.cpp
C:\Program Files\Microsoft Visual Studio\2022\Community\VC\Tools\MSVC\14.33.31629\include\xstring(2824,53): warning C4244: 'argument': conversion from 'wchar_t' to 'const _Elem', possible loss of data
          with
          [
              _Elem=char
          ] (compiling source file ZScriptContext.cpp)
C:\Program Files\Microsoft Visual Studio\2022\Community\VC\Tools\MSVC\14.33.31629\include\xstring(2664): message : see reference to function template instantiation 'void std::basic_string<char,std::char_traits<char>,std::allocator<char>>::_Construct_from_iter<wchar_t*>(_Iter,const _Iter)' being compiled
          with
          [
              _Iter=wchar_t *
          ] (compiling source file ZScriptContext.cpp)
C:\Program Files\Microsoft Visual Studio\2022\Community\VC\Tools\MSVC\14.33.31629\include\xstring(2664): message : see reference to function template instantiation 'void std::basic_string<char,std::char_traits<char>,std::allocator<char>>::_Construct_from_iter<wchar_t*>(_Iter,const _Iter)' being compiled
          with
          [
              _Iter=wchar_t *
          ] (compiling source file ZScriptContext.cpp)
C:\projects\Starlight3D\ZenScript\ZenScript\DirCollection.h(43): message : see reference to function template instantiation 'std::basic_string<char,std::char_traits<char>,std::allocator<char>>::basic_string<std::_String_iterator<std::_String_val<std::_Simple_types<_Elem>>>,0>(_Iter,_Iter,const _Alloc &)' being compiled
          with
          [
              _Elem=wchar_t,
              _Iter=std::_String_iterator<std::_String_val<std::_Simple_types<wchar_t>>>,
              _Alloc=std::allocator<char>
          ] (compiling source file ZScriptContext.cpp)
C:\projects\Starlight3D\ZenScript\ZenScript\DirCollection.h(43): message : see reference to function template instantiation 'std::basic_string<char,std::char_traits<char>,std::allocator<char>>::basic_string<std::_String_iterator<std::_String_val<std::_Simple_types<_Elem>>>,0>(_Iter,_Iter,const _Alloc &)' being compiled
          with
          [
              _Elem=wchar_t,
              _Iter=std::_String_iterator<std::_String_val<std::_Simple_types<wchar_t>>>,
              _Alloc=std::allocator<char>
          ] (compiling source file ZScriptContext.cpp)
C:\projects\Starlight3D\ZenScript\ZenScript\ZScriptContext.cpp(180): warning C4715: 'ZScriptContext::FindInstance': not all control paths return a value
  ZenScript.vcxproj -> C:\projects\Starlight3D\StarlightStudio\x64\Debug\ZenScript.lib
