c:\projects\starlight3d\starlightengine\starlightengine\x64\debug\animation.obj
c:\projects\starlight3d\starlightengine\starlightengine\x64\debug\importer.obj
c:\projects\starlight3d\starlightengine\starlightengine\x64\debug\nodeactor.obj
c:\projects\starlight3d\starlightengine\starlightengine\x64\debug\nodeparticlebillboard.obj
c:\projects\starlight3d\starlightengine\starlightengine\x64\debug\pbtriangles.obj
c:\projects\starlight3d\starlightengine\starlightengine\x64\debug\rendertarget2d.obj
c:\projects\starlight3d\starlightengine\starlightengine\x64\debug\starlightengine.obj
c:\projects\starlight3d\starlightengine\starlightengine\x64\debug\texture2d.obj
c:\projects\starlight3d\starlightengine\starlightengine\x64\debug\vstring.obj
c:\projects\starlight3d\starlightengine\starlightengine\x64\debug\windowcontent.obj
c:\projects\starlight3d\starlightengine\starlightengine\x64\debug\windowcontrol.obj
c:\projects\starlight3d\starlightengine\starlightengine\x64\debug\application.obj
c:\projects\starlight3d\starlightengine\starlightengine\x64\debug\gbuffer.obj
c:\projects\starlight3d\starlightengine\starlightengine\x64\debug\node3d.obj
c:\projects\starlight3d\starlightengine\starlightengine\x64\debug\nodebillboard.obj
c:\projects\starlight3d\starlightengine\starlightengine\x64\debug\nodeproperty.obj
c:\projects\starlight3d\starlightengine\starlightengine\x64\debug\pbbox.obj
c:\projects\starlight3d\starlightengine\starlightengine\x64\debug\pbterrain.obj
c:\projects\starlight3d\starlightengine\starlightengine\x64\debug\ppbloom.obj
c:\projects\starlight3d\starlightengine\starlightengine\x64\debug\sceneraytracer.obj
c:\projects\starlight3d\starlightengine\starlightengine\x64\debug\userinput.obj
c:\projects\starlight3d\starlightengine\starlightengine\x64\debug\vfile.obj
c:\projects\starlight3d\starlightengine\starlightengine\x64\debug\bigbuffer.obj
c:\projects\starlight3d\starlightengine\starlightengine\x64\debug\dockusage.obj
c:\projects\starlight3d\starlightengine\starlightengine\x64\debug\frametypecolor.obj
c:\projects\starlight3d\starlightengine\starlightengine\x64\debug\meshrenderer.obj
c:\projects\starlight3d\starlightengine\starlightengine\x64\debug\nodelight.obj
c:\projects\starlight3d\starlightengine\starlightengine\x64\debug\pbsphere.obj
c:\projects\starlight3d\starlightengine\starlightengine\x64\debug\postprocessing.obj
c:\projects\starlight3d\starlightengine\starlightengine\x64\debug\rendertargetcube.obj
c:\projects\starlight3d\starlightengine\starlightengine\x64\debug\texturecube.obj
c:\projects\starlight3d\starlightengine\starlightengine\x64\debug\uitheme_neon.obj
c:\projects\starlight3d\starlightengine\starlightengine\x64\debug\bone.obj
c:\projects\starlight3d\starlightengine\starlightengine\x64\debug\buttoncontrol.obj
c:\projects\starlight3d\starlightengine\starlightengine\x64\debug\kfont.obj
c:\projects\starlight3d\starlightengine\starlightengine\x64\debug\nodeanimator.obj
c:\projects\starlight3d\starlightengine\starlightengine\x64\debug\norenderlist.obj
c:\projects\starlight3d\starlightengine\starlightengine\x64\debug\pbconvex.obj
c:\projects\starlight3d\starlightengine\starlightengine\x64\debug\ppframetype.obj
c:\projects\starlight3d\starlightengine\starlightengine\x64\debug\scenerenderer.obj
c:\projects\starlight3d\starlightengine\starlightengine\x64\debug\uicontrol.obj
c:\projects\starlight3d\starlightengine\starlightengine\x64\debug\animator.obj
c:\projects\starlight3d\starlightengine\starlightengine\x64\debug\helper.obj
c:\projects\starlight3d\starlightengine\starlightengine\x64\debug\material.obj
c:\projects\starlight3d\starlightengine\starlightengine\x64\debug\nodecamera.obj
c:\projects\starlight3d\starlightengine\starlightengine\x64\debug\nodeterrain.obj
c:\projects\starlight3d\starlightengine\starlightengine\x64\debug\physicsbody.obj
c:\projects\starlight3d\starlightengine\starlightengine\x64\debug\pprenderer.obj
c:\projects\starlight3d\starlightengine\starlightengine\x64\debug\smartdraw.obj
c:\projects\starlight3d\starlightengine\starlightengine\x64\debug\uitheme.obj
c:\projects\starlight3d\starlightengine\starlightengine\x64\debug\actoranim.obj
c:\projects\starlight3d\starlightengine\starlightengine\x64\debug\boneinfo.obj
c:\projects\starlight3d\starlightengine\starlightengine\x64\debug\cuberenderer.obj
c:\projects\starlight3d\starlightengine\starlightengine\x64\debug\mesh3d.obj
c:\projects\starlight3d\starlightengine\starlightengine\x64\debug\nodecomponent.obj
c:\projects\starlight3d\starlightengine\starlightengine\x64\debug\nodeentity.obj
c:\projects\starlight3d\starlightengine\starlightengine\x64\debug\pbcapsule.obj
c:\projects\starlight3d\starlightengine\starlightengine\x64\debug\physics.obj
c:\projects\starlight3d\starlightengine\starlightengine\x64\debug\postprocess.obj
c:\projects\starlight3d\starlightengine\starlightengine\x64\debug\scenegraph.obj
c:\projects\starlight3d\starlightengine\starlightengine\x64\debug\ui.obj
c:\projects\starlight3d\starlightengine\starlightengine\x64\debug\raypicker.obj
c:\projects\starlight3d\starlightengine\starlightengine\x64\debug\starlightengine.pch
c:\projects\starlight3d\starlightstudio\x64\debug\starlightengine.pdb
c:\projects\starlight3d\starlightstudio\x64\debug\starlightengine.idb
c:\projects\starlight3d\starlightengine\starlightengine\x64\debug\pch.obj
c:\projects\starlight3d\starlightengine\starlightengine\x64\debug\dircollection.obj
c:\projects\starlight3d\starlightstudio\x64\debug\starlightengine.lib
c:\projects\starlight3d\starlightengine\starlightengine\x64\debug\raypicker.obj.enc
c:\projects\starlight3d\starlightengine\starlightengine\x64\debug\starlightengine.tlog\cl.command.1.tlog
c:\projects\starlight3d\starlightengine\starlightengine\x64\debug\starlightengine.tlog\cl.read.1.tlog
c:\projects\starlight3d\starlightengine\starlightengine\x64\debug\starlightengine.tlog\cl.write.1.tlog
c:\projects\starlight3d\starlightengine\starlightengine\x64\debug\starlightengine.tlog\lib-link.read.1.tlog
c:\projects\starlight3d\starlightengine\starlightengine\x64\debug\starlightengine.tlog\lib-link.write.1.tlog
c:\projects\starlight3d\starlightengine\starlightengine\x64\debug\starlightengine.tlog\lib.command.1.tlog
