  AppEditor.cpp
  StarLightEditor.cpp
  UserInput.cpp
C:\projects\Starlight3D\StarlightEngine\StarlightEngine\UIControl.h(41,18): warning C4244: 'return': conversion from 'T' to 'int', possible loss of data
          with
          [
              T=float
          ] (compiling source file StarLightEditor.cpp)
C:\projects\Starlight3D\StarlightEngine\StarlightEngine\UIControl.h(44,18): warning C4244: 'return': conversion from 'T' to 'int', possible loss of data
          with
          [
              T=float
          ] (compiling source file StarLightEditor.cpp)
C:\projects\Starlight3D\StarlightEngine\StarlightEngine\UIControl.h(64,20): warning C4244: 'argument': conversion from 'int' to 'T', possible loss of data
          with
          [
              T=float
          ] (compiling source file StarLightEditor.cpp)
C:\projects\Starlight3D\StarlightEngine\StarlightEngine\UIControl.h(64,17): warning C4244: 'argument': conversion from 'int' to 'T', possible loss of data
          with
          [
              T=float
          ] (compiling source file StarLightEditor.cpp)
C:\projects\Starlight3D\StarlightEngine\StarlightEngine\UIControl.h(41,18): warning C4244: 'return': conversion from 'T' to 'int', possible loss of data
          with
          [
              T=float
          ] (compiling source file AppEditor.cpp)
C:\projects\Starlight3D\StarlightEngine\StarlightEngine\UIControl.h(44,18): warning C4244: 'return': conversion from 'T' to 'int', possible loss of data
          with
          [
              T=float
          ] (compiling source file AppEditor.cpp)
C:\projects\Starlight3D\StarlightEngine\StarlightEngine\UIControl.h(88,16): warning C4244: '=': conversion from 'int' to 'T', possible loss of data
          with
          [
              T=float
          ] (compiling source file StarLightEditor.cpp)
C:\projects\Starlight3D\StarlightEngine\StarlightEngine\UIControl.h(93,16): warning C4244: '=': conversion from 'int' to 'T', possible loss of data
          with
          [
              T=float
          ] (compiling source file StarLightEditor.cpp)
C:\projects\Starlight3D\StarlightEngine\StarlightEngine\UIControl.h(64,20): warning C4244: 'argument': conversion from 'int' to 'T', possible loss of data
          with
          [
              T=float
          ] (compiling source file AppEditor.cpp)
C:\projects\Starlight3D\StarlightEngine\StarlightEngine\UIControl.h(64,17): warning C4244: 'argument': conversion from 'int' to 'T', possible loss of data
          with
          [
              T=float
          ] (compiling source file AppEditor.cpp)
C:\projects\Starlight3D\StarlightEngine\StarlightEngine\UIControl.h(88,16): warning C4244: '=': conversion from 'int' to 'T', possible loss of data
          with
          [
              T=float
          ] (compiling source file AppEditor.cpp)
C:\projects\Starlight3D\StarlightEngine\StarlightEngine\UIControl.h(93,16): warning C4244: '=': conversion from 'int' to 'T', possible loss of data
          with
          [
              T=float
          ] (compiling source file AppEditor.cpp)
C:\projects\Starlight3D\StarlightEngine\StarlightEngine\Node3D.h(211,1): warning C4267: 'return': conversion from 'size_t' to 'int', possible loss of data (compiling source file StarLightEditor.cpp)
C:\projects\Starlight3D\StarlightEngine\StarlightEngine\Node3D.h(211,1): warning C4267: 'return': conversion from 'size_t' to 'int', possible loss of data (compiling source file AppEditor.cpp)
C:\projects\Starlight3D\StarlightEngine\StarlightEngine\Mesh3D.h(139,28): warning C4244: '=': conversion from 'int' to 'T', possible loss of data
          with
          [
              T=float
          ] (compiling source file StarLightEditor.cpp)
C:\projects\Starlight3D\StarlightEngine\StarlightEngine\Mesh3D.h(164,1): warning C4267: 'return': conversion from 'size_t' to 'int', possible loss of data (compiling source file StarLightEditor.cpp)
C:\projects\Starlight3D\StarlightEngine\StarlightEngine\Mesh3D.h(168,1): warning C4267: 'return': conversion from 'size_t' to 'int', possible loss of data (compiling source file StarLightEditor.cpp)
C:\projects\Starlight3D\StarlightEngine\StarlightEngine\Mesh3D.h(139,28): warning C4244: '=': conversion from 'int' to 'T', possible loss of data
          with
          [
              T=float
          ] (compiling source file AppEditor.cpp)
C:\projects\Starlight3D\StarlightEngine\StarlightEngine\Mesh3D.h(164,1): warning C4267: 'return': conversion from 'size_t' to 'int', possible loss of data (compiling source file AppEditor.cpp)
C:\projects\Starlight3D\StarlightEngine\StarlightEngine\Mesh3D.h(168,1): warning C4267: 'return': conversion from 'size_t' to 'int', possible loss of data (compiling source file AppEditor.cpp)
C:\projects\Starlight3D\StarlightEngine\StarlightEngine\NodeCamera.h(65,39): warning C4244: 'argument': conversion from 'float' to 'int', possible loss of data (compiling source file StarLightEditor.cpp)
C:\projects\Starlight3D\StarlightEngine\StarlightEngine\NodeCamera.h(65,31): warning C4244: 'argument': conversion from 'float' to 'int', possible loss of data (compiling source file StarLightEditor.cpp)
C:\projects\Starlight3D\StarlightEngine\StarlightEngine\NodeCamera.h(75,39): warning C4244: 'argument': conversion from 'float' to 'int', possible loss of data (compiling source file StarLightEditor.cpp)
C:\projects\Starlight3D\StarlightEngine\StarlightEngine\NodeCamera.h(75,31): warning C4244: 'argument': conversion from 'float' to 'int', possible loss of data (compiling source file StarLightEditor.cpp)
C:\projects\Starlight3D\StarlightEngine\StarlightEngine\NodeCamera.h(65,39): warning C4244: 'argument': conversion from 'float' to 'int', possible loss of data (compiling source file AppEditor.cpp)
C:\projects\Starlight3D\StarlightEngine\StarlightEngine\NodeCamera.h(65,31): warning C4244: 'argument': conversion from 'float' to 'int', possible loss of data (compiling source file AppEditor.cpp)
C:\projects\Starlight3D\StarlightEngine\StarlightEngine\NodeCamera.h(75,39): warning C4244: 'argument': conversion from 'float' to 'int', possible loss of data (compiling source file AppEditor.cpp)
C:\projects\Starlight3D\StarlightEngine\StarlightEngine\NodeCamera.h(75,31): warning C4244: 'argument': conversion from 'float' to 'int', possible loss of data (compiling source file AppEditor.cpp)
C:\projects\Starlight3D\StarlightEngine\StarlightEngine\SceneGraph.h(192,1): warning C4267: 'return': conversion from 'size_t' to 'int', possible loss of data (compiling source file StarLightEditor.cpp)
C:\projects\Starlight3D\StarlightEngine\StarlightEngine\SceneGraph.h(192,1): warning C4267: 'return': conversion from 'size_t' to 'int', possible loss of data (compiling source file AppEditor.cpp)
C:\projects\Starlight3D\StarlightEngine\StarlightEngine\Maths.h(17,1): warning C4305: 'return': truncation from 'double' to 'float' (compiling source file AppEditor.cpp)
C:\projects\Starlight3D\StarlightEngine\StarlightEngine\Maths.h(34,15): warning C4244: 'return': conversion from 'double' to 'float', possible loss of data (compiling source file AppEditor.cpp)
C:\projects\Starlight3D\StarlightEngine\StarlightEngine\Maths.h(41,31): warning C4244: '=': conversion from 'double' to 'float', possible loss of data (compiling source file AppEditor.cpp)
C:\projects\Starlight3D\StarlightEngine\StarlightEngine\Maths.h(42,31): warning C4244: '=': conversion from 'double' to 'float', possible loss of data (compiling source file AppEditor.cpp)
C:\projects\Starlight3D\StarlightEngine\StarlightEngine\Maths.h(61,14): warning C4244: 'initializing': conversion from 'double' to 'float', possible loss of data (compiling source file AppEditor.cpp)
C:\projects\Starlight3D\StarlightEngine\StarlightEngine\Maths.h(71,14): warning C4244: 'initializing': conversion from 'double' to 'float', possible loss of data (compiling source file AppEditor.cpp)
C:\projects\Starlight3D\StarLightEditor\StarLightEditor\AppEditor.cpp(157,48): error C2838: 'Q': illegal qualified name in member declaration
C:\projects\Starlight3D\StarLightEditor\StarLightEditor\AppEditor.cpp(157,5): error C2065: 'Q': undeclared identifier
C:\projects\Starlight3D\StarLightEditor\StarLightEditor\AppEditor.cpp(190,48): error C2838: 'W': illegal qualified name in member declaration
C:\projects\Starlight3D\StarLightEditor\StarLightEditor\AppEditor.cpp(190,5): error C2065: 'W': undeclared identifier
C:\projects\Starlight3D\StarLightEditor\StarLightEditor\AppEditor.cpp(196,48): error C2838: 'S': illegal qualified name in member declaration
C:\projects\Starlight3D\StarLightEditor\StarLightEditor\AppEditor.cpp(196,5): error C2065: 'S': undeclared identifier
C:\projects\Starlight3D\StarLightEditor\StarLightEditor\AppEditor.cpp(199,48): error C2838: 'A': illegal qualified name in member declaration
C:\projects\Starlight3D\StarLightEditor\StarLightEditor\AppEditor.cpp(199,5): error C2065: 'A': undeclared identifier
C:\projects\Starlight3D\StarLightEditor\StarLightEditor\AppEditor.cpp(203,48): error C2838: 'D': illegal qualified name in member declaration
C:\projects\Starlight3D\StarLightEditor\StarLightEditor\AppEditor.cpp(203,5): error C2065: 'D': undeclared identifier
