c:\projects\starlight3d\starlighteditor\starlighteditor\x64\debug\starlighteditor.obj
c:\projects\starlight3d\starlighteditor\starlighteditor\x64\debug\appeditor.obj
c:\projects\starlight3d\starlighteditor\starlighteditor\x64\debug\userinput.obj
c:\projects\starlight3d\starlighteditor\starlighteditor\x64\debug\vc143.pdb
c:\projects\starlight3d\starlighteditor\starlighteditor\x64\debug\vc143.idb
c:\projects\starlight3d\starlightstudio\x64\debug\starlighteditor.pdb
c:\projects\starlight3d\starlighteditor\starlighteditor\x64\debug\starlighteditor.tlog\cl.11636.write.1.tlog
c:\projects\starlight3d\starlighteditor\starlighteditor\x64\debug\starlighteditor.tlog\cl.command.1.tlog
c:\projects\starlight3d\starlighteditor\starlighteditor\x64\debug\starlighteditor.tlog\cl.read.1.tlog
c:\projects\starlight3d\starlighteditor\starlighteditor\x64\debug\starlighteditor.tlog\link-cvtres.read.1.tlog
c:\projects\starlight3d\starlighteditor\starlighteditor\x64\debug\starlighteditor.tlog\link-cvtres.write.1.tlog
c:\projects\starlight3d\starlighteditor\starlighteditor\x64\debug\starlighteditor.tlog\link-rc.read.1.tlog
c:\projects\starlight3d\starlighteditor\starlighteditor\x64\debug\starlighteditor.tlog\link-rc.write.1.tlog
c:\projects\starlight3d\starlighteditor\starlighteditor\x64\debug\starlighteditor.tlog\link.15072-cvtres.read.1.tlog
c:\projects\starlight3d\starlighteditor\starlighteditor\x64\debug\starlighteditor.tlog\link.15072-cvtres.write.1.tlog
c:\projects\starlight3d\starlighteditor\starlighteditor\x64\debug\starlighteditor.tlog\link.15072-rc.read.1.tlog
c:\projects\starlight3d\starlighteditor\starlighteditor\x64\debug\starlighteditor.tlog\link.15072-rc.write.1.tlog
c:\projects\starlight3d\starlighteditor\starlighteditor\x64\debug\starlighteditor.tlog\link.15072.read.1.tlog
c:\projects\starlight3d\starlighteditor\starlighteditor\x64\debug\starlighteditor.tlog\link.15072.read.2.tlog
c:\projects\starlight3d\starlighteditor\starlighteditor\x64\debug\starlighteditor.tlog\link.15072.write.1.tlog
c:\projects\starlight3d\starlighteditor\starlighteditor\x64\debug\starlighteditor.tlog\link.command.1.tlog
c:\projects\starlight3d\starlighteditor\starlighteditor\x64\debug\starlighteditor.tlog\link.read.1.tlog
c:\projects\starlight3d\starlighteditor\starlighteditor\x64\debug\starlighteditor.tlog\link.read.2.tlog
c:\projects\starlight3d\starlighteditor\starlighteditor\x64\debug\starlighteditor.tlog\link.write.1.tlog
