C:\Program Files\Microsoft Visual Studio\2022\Community\MSBuild\Microsoft\VC\v170\Microsoft.CppBuild.targets(534,5): warning MSB8028: The intermediate directory (x64\Debug\) contains files shared from another project (ZenEngine.vcxproj).  This can lead to incorrect clean and rebuild behavior.
  NodeEditor.cpp
C:\projects\Starlight3D\StarlightEngine\StarlightEngine\UIControl.h(41,18): warning C4244: 'return': conversion from 'T' to 'int', possible loss of data
          with
          [
              T=float
          ]
C:\projects\Starlight3D\StarlightEngine\StarlightEngine\UIControl.h(44,18): warning C4244: 'return': conversion from 'T' to 'int', possible loss of data
          with
          [
              T=float
          ]
C:\projects\Starlight3D\StarlightEngine\StarlightEngine\UIControl.h(64,20): warning C4244: 'argument': conversion from 'int' to 'T', possible loss of data
          with
          [
              T=float
          ]
C:\projects\Starlight3D\StarlightEngine\StarlightEngine\UIControl.h(64,17): warning C4244: 'argument': conversion from 'int' to 'T', possible loss of data
          with
          [
              T=float
          ]
C:\projects\Starlight3D\StarlightEngine\StarlightEngine\UIControl.h(88,16): warning C4244: '=': conversion from 'int' to 'T', possible loss of data
          with
          [
              T=float
          ]
C:\projects\Starlight3D\StarlightEngine\StarlightEngine\UIControl.h(93,16): warning C4244: '=': conversion from 'int' to 'T', possible loss of data
          with
          [
              T=float
          ]
C:\projects\Starlight3D\StarlightEngine\StarlightEngine\Node3D.h(231,1): warning C4267: 'return': conversion from 'size_t' to 'int', possible loss of data
C:\projects\Starlight3D\StarlightEngine\StarlightEngine\Node3D.h(459,1): warning C4267: 'argument': conversion from 'size_t' to 'int', possible loss of data
C:\projects\Starlight3D\StarlightEngine\StarlightEngine\NodeCamera.h(65,39): warning C4244: 'argument': conversion from 'float' to 'int', possible loss of data
C:\projects\Starlight3D\StarlightEngine\StarlightEngine\NodeCamera.h(65,31): warning C4244: 'argument': conversion from 'float' to 'int', possible loss of data
C:\projects\Starlight3D\StarlightEngine\StarlightEngine\NodeCamera.h(75,39): warning C4244: 'argument': conversion from 'float' to 'int', possible loss of data
C:\projects\Starlight3D\StarlightEngine\StarlightEngine\NodeCamera.h(75,31): warning C4244: 'argument': conversion from 'float' to 'int', possible loss of data
C:\projects\Starlight3D\StarlightEngine\StarlightEngine\Mesh3D.h(149,28): warning C4244: '=': conversion from 'int' to 'T', possible loss of data
          with
          [
              T=float
          ]
C:\projects\Starlight3D\StarlightEngine\StarlightEngine\Mesh3D.h(174,1): warning C4267: 'return': conversion from 'size_t' to 'int', possible loss of data
C:\projects\Starlight3D\StarlightEngine\StarlightEngine\Mesh3D.h(178,1): warning C4267: 'return': conversion from 'size_t' to 'int', possible loss of data
C:\projects\Starlight3D\StarlightEngine\StarlightEngine\Mesh3D.h(295,1): warning C4267: 'argument': conversion from 'size_t' to 'int', possible loss of data
C:\projects\Starlight3D\StarlightEngine\StarlightEngine\Mesh3D.h(306,1): warning C4267: 'argument': conversion from 'size_t' to 'int', possible loss of data
C:\projects\Starlight3D\StarlightEngine\StarlightEngine\NodeEntity.h(163,1): warning C4267: 'argument': conversion from 'size_t' to 'int', possible loss of data
C:\projects\Starlight3D\StarlightEngine\StarlightEngine\NodeEntity.h(171,1): warning C4267: 'argument': conversion from 'size_t' to 'int', possible loss of data
C:\projects\Starlight3D\StarlightEngine\StarlightEngine\SceneGraph.h(196,1): warning C4267: 'return': conversion from 'size_t' to 'int', possible loss of data
C:\projects\Starlight3D\Zen3D\Zen3D\ZNotification.h(12,22): warning C4244: 'return': conversion from 'float' to 'int', possible loss of data
C:\projects\Starlight3D\Zen3D\Zen3D\ZNotification.h(13,22): warning C4244: 'return': conversion from 'float' to 'int', possible loss of data
C:\Program Files\Microsoft Visual Studio\2022\Community\VC\Tools\MSVC\14.33.31629\include\xstring(2824,53): warning C4244: 'argument': conversion from 'wchar_t' to 'const _Elem', possible loss of data
          with
          [
              _Elem=char
          ]
C:\Program Files\Microsoft Visual Studio\2022\Community\VC\Tools\MSVC\14.33.31629\include\xstring(2664): message : see reference to function template instantiation 'void std::basic_string<char,std::char_traits<char>,std::allocator<char>>::_Construct_from_iter<wchar_t*>(_Iter,const _Iter)' being compiled
          with
          [
              _Iter=wchar_t *
          ]
C:\Program Files\Microsoft Visual Studio\2022\Community\VC\Tools\MSVC\14.33.31629\include\xstring(2664): message : see reference to function template instantiation 'void std::basic_string<char,std::char_traits<char>,std::allocator<char>>::_Construct_from_iter<wchar_t*>(_Iter,const _Iter)' being compiled
          with
          [
              _Iter=wchar_t *
          ]
C:\projects\Starlight3D\StarlightEngine\StarlightEngine\DirCollection.h(43): message : see reference to function template instantiation 'std::basic_string<char,std::char_traits<char>,std::allocator<char>>::basic_string<std::_String_iterator<std::_String_val<std::_Simple_types<_Elem>>>,0>(_Iter,_Iter,const _Alloc &)' being compiled
          with
          [
              _Elem=wchar_t,
              _Iter=std::_String_iterator<std::_String_val<std::_Simple_types<wchar_t>>>,
              _Alloc=std::allocator<char>
          ]
C:\projects\Starlight3D\StarlightEngine\StarlightEngine\DirCollection.h(43): message : see reference to function template instantiation 'std::basic_string<char,std::char_traits<char>,std::allocator<char>>::basic_string<std::_String_iterator<std::_String_val<std::_Simple_types<_Elem>>>,0>(_Iter,_Iter,const _Alloc &)' being compiled
          with
          [
              _Elem=wchar_t,
              _Iter=std::_String_iterator<std::_String_val<std::_Simple_types<wchar_t>>>,
              _Alloc=std::allocator<char>
          ]
  Zen3D.vcxproj -> C:\projects\Starlight3D\StarlightStudio\x64\Debug\Zen3D.exe
