c:\projects\starlight3d\zen3d\zen3d\x64\debug\vc143.pdb
c:\projects\starlight3d\zen3d\zen3d\x64\debug\vc143.idb
c:\projects\starlight3d\zen3d\zen3d\x64\debug\znotification.obj
c:\projects\starlight3d\zen3d\zen3d\x64\debug\zenui.obj
c:\projects\starlight3d\zen3d\zen3d\x64\debug\zen.obj
c:\projects\starlight3d\zen3d\zen3d\x64\debug\viewport.obj
c:\projects\starlight3d\zen3d\zen3d\x64\debug\scenegraph.obj
c:\projects\starlight3d\zen3d\zen3d\x64\debug\saving.obj
c:\projects\starlight3d\zen3d\zen3d\x64\debug\postprocesswindow.obj
c:\projects\starlight3d\zen3d\zen3d\x64\debug\playrelated.obj
c:\projects\starlight3d\zen3d\zen3d\x64\debug\notify.obj
c:\projects\starlight3d\zen3d\zen3d\x64\debug\nodeeditor.obj
c:\projects\starlight3d\zen3d\zen3d\x64\debug\mainmenu.obj
c:\projects\starlight3d\zen3d\zen3d\x64\debug\loading.obj
c:\projects\starlight3d\zen3d\zen3d\x64\debug\lightmapper.obj
c:\projects\starlight3d\zen3d\zen3d\x64\debug\contentbrowser.obj
c:\projects\starlight3d\zen3d\zen3d\x64\debug\appzen.obj
c:\projects\starlight3d\zen3d\zen3d\x64\debug\zen3d.ilk
c:\projects\starlight3d\starlightstudio\x64\debug\zen3d.exe
c:\projects\starlight3d\starlightstudio\x64\debug\zen3d.pdb
c:\projects\starlight3d\zen3d\zen3d\x64\debug\zen3d.tlog\cl.command.1.tlog
c:\projects\starlight3d\zen3d\zen3d\x64\debug\zen3d.tlog\cl.read.1.tlog
c:\projects\starlight3d\zen3d\zen3d\x64\debug\zen3d.tlog\cl.write.1.tlog
c:\projects\starlight3d\zen3d\zen3d\x64\debug\zen3d.tlog\link.command.1.tlog
c:\projects\starlight3d\zen3d\zen3d\x64\debug\zen3d.tlog\link.read.1.tlog
c:\projects\starlight3d\zen3d\zen3d\x64\debug\zen3d.tlog\link.write.1.tlog
