c:\projects\starlight3d\starlightengine\starlightengine\x64\release\node3d.obj
c:\projects\starlight3d\starlightengine\starlightengine\x64\release\raypicker.obj
c:\projects\starlight3d\starlightengine\starlightengine\x64\release\scenegraph.obj
c:\projects\starlight3d\starlightengine\starlightengine\x64\release\starlightengine.pch
c:\projects\starlight3d\starlightstudio\x64\release\starlightengine.pdb
c:\projects\starlight3d\starlightengine\starlightengine\x64\release\pch.obj
c:\projects\starlight3d\starlightengine\starlightengine\x64\release\actoranim.obj
c:\projects\starlight3d\starlightengine\starlightengine\x64\release\boneinfo.obj
c:\projects\starlight3d\starlightengine\starlightengine\x64\release\cuberenderer.obj
c:\projects\starlight3d\starlightengine\starlightengine\x64\release\kfont.obj
c:\projects\starlight3d\starlightengine\starlightengine\x64\release\nodeactor.obj
c:\projects\starlight3d\starlightengine\starlightengine\x64\release\nodeparticlebillboard.obj
c:\projects\starlight3d\starlightengine\starlightengine\x64\release\pbtriangles.obj
c:\projects\starlight3d\starlightengine\starlightengine\x64\release\scripthost.obj
c:\projects\starlight3d\starlightengine\starlightengine\x64\release\starlightengine.obj
c:\projects\starlight3d\starlightengine\starlightengine\x64\release\texture2d.obj
c:\projects\starlight3d\starlightengine\starlightengine\x64\release\vstring.obj
c:\projects\starlight3d\starlightengine\starlightengine\x64\release\windowcontent.obj
c:\projects\starlight3d\starlightengine\starlightengine\x64\release\windowcontrol.obj
c:\projects\starlight3d\starlightengine\starlightengine\x64\release\animator.obj
c:\projects\starlight3d\starlightengine\starlightengine\x64\release\fspayload.obj
c:\projects\starlight3d\starlightengine\starlightengine\x64\release\helper.obj
c:\projects\starlight3d\starlightengine\starlightengine\x64\release\material.obj
c:\projects\starlight3d\starlightengine\starlightengine\x64\release\nodebillboard.obj
c:\projects\starlight3d\starlightengine\starlightengine\x64\release\norenderlist.obj
c:\projects\starlight3d\starlightengine\starlightengine\x64\release\pbterrain.obj
c:\projects\starlight3d\starlightengine\starlightengine\x64\release\postprocessing.obj
c:\projects\starlight3d\starlightengine\starlightengine\x64\release\rendertargetcube.obj
c:\projects\starlight3d\starlightengine\starlightengine\x64\release\smartdraw.obj
c:\projects\starlight3d\starlightengine\starlightengine\x64\release\uitheme_neon.obj
c:\projects\starlight3d\starlightengine\starlightengine\x64\release\application.obj
c:\projects\starlight3d\starlightengine\starlightengine\x64\release\dircollection.obj
c:\projects\starlight3d\starlightengine\starlightengine\x64\release\gbuffer.obj
c:\projects\starlight3d\starlightengine\starlightengine\x64\release\nodeentity.obj
c:\projects\starlight3d\starlightengine\starlightengine\x64\release\pbcapsule.obj
c:\projects\starlight3d\starlightengine\starlightengine\x64\release\physics.obj
c:\projects\starlight3d\starlightengine\starlightengine\x64\release\physicsbody.obj
c:\projects\starlight3d\starlightengine\starlightengine\x64\release\ppframetype.obj
c:\projects\starlight3d\starlightengine\starlightengine\x64\release\sceneraytracer.obj
c:\projects\starlight3d\starlightengine\starlightengine\x64\release\uitheme.obj
c:\projects\starlight3d\starlightengine\starlightengine\x64\release\animation.obj
c:\projects\starlight3d\starlightengine\starlightengine\x64\release\fsfile.obj
c:\projects\starlight3d\starlightengine\starlightengine\x64\release\mesh3d.obj
c:\projects\starlight3d\starlightengine\starlightengine\x64\release\nodecamera.obj
c:\projects\starlight3d\starlightengine\starlightengine\x64\release\nodeterrain.obj
c:\projects\starlight3d\starlightengine\starlightengine\x64\release\postprocess.obj
c:\projects\starlight3d\starlightengine\starlightengine\x64\release\rendertarget2d.obj
c:\projects\starlight3d\starlightengine\starlightengine\x64\release\scriptobject.obj
c:\projects\starlight3d\starlightengine\starlightengine\x64\release\texturecube.obj
c:\projects\starlight3d\starlightengine\starlightengine\x64\release\userinput.obj
c:\projects\starlight3d\starlightengine\starlightengine\x64\release\vfile.obj
c:\projects\starlight3d\starlightengine\starlightengine\x64\release\bone.obj
c:\projects\starlight3d\starlightengine\starlightengine\x64\release\buttoncontrol.obj
c:\projects\starlight3d\starlightengine\starlightengine\x64\release\importer.obj
c:\projects\starlight3d\starlightengine\starlightengine\x64\release\nodeanimator.obj
c:\projects\starlight3d\starlightengine\starlightengine\x64\release\nodeproperty.obj
c:\projects\starlight3d\starlightengine\starlightengine\x64\release\pbbox.obj
c:\projects\starlight3d\starlightengine\starlightengine\x64\release\pbconvex.obj
c:\projects\starlight3d\starlightengine\starlightengine\x64\release\pprenderer.obj
c:\projects\starlight3d\starlightengine\starlightengine\x64\release\scenerenderer.obj
c:\projects\starlight3d\starlightengine\starlightengine\x64\release\uicontrol.obj
c:\projects\starlight3d\starlightengine\starlightengine\x64\release\bigbuffer.obj
c:\projects\starlight3d\starlightengine\starlightengine\x64\release\dockusage.obj
c:\projects\starlight3d\starlightengine\starlightengine\x64\release\frametypecolor.obj
c:\projects\starlight3d\starlightengine\starlightengine\x64\release\meshrenderer.obj
c:\projects\starlight3d\starlightengine\starlightengine\x64\release\nodecomponent.obj
c:\projects\starlight3d\starlightengine\starlightengine\x64\release\nodelight.obj
c:\projects\starlight3d\starlightengine\starlightengine\x64\release\pbsphere.obj
c:\projects\starlight3d\starlightengine\starlightengine\x64\release\ppbloom.obj
c:\projects\starlight3d\starlightengine\starlightengine\x64\release\ui.obj
c:\projects\starlight3d\starlightengine\starlightengine\x64\release\zenfs.obj
c:\projects\starlight3d\starlightstudio\x64\release\starlightengine.lib
c:\projects\starlight3d\starlightengine\starlightengine\x64\release\starlightengine.tlog\cl.command.1.tlog
c:\projects\starlight3d\starlightengine\starlightengine\x64\release\starlightengine.tlog\cl.read.1.tlog
c:\projects\starlight3d\starlightengine\starlightengine\x64\release\starlightengine.tlog\cl.write.1.tlog
c:\projects\starlight3d\starlightengine\starlightengine\x64\release\starlightengine.tlog\lib-link.read.1.tlog
c:\projects\starlight3d\starlightengine\starlightengine\x64\release\starlightengine.tlog\lib-link.write.1.tlog
c:\projects\starlight3d\starlightengine\starlightengine\x64\release\starlightengine.tlog\lib.command.1.tlog
