C:\Program Files\Microsoft Visual Studio\2022\Community\MSBuild\Microsoft\VC\v170\Microsoft.CppBuild.targets(502,5): warning MSB8004: Intermediate Directory does not end with a trailing slash.  This build instance will add the slash as it is required to allow proper evaluation of the Intermediate Directory.
C:\Program Files\Microsoft Visual Studio\2022\Community\MSBuild\Microsoft\VC\v170\Microsoft.CppBuild.targets(517,5): warning MSB8028: The intermediate directory (x64\Debug\) contains files shared from another project (ZenEngine.vcxproj).  This can lead to incorrect clean and rebuild behavior.
  ContentBrowser.cpp
C:\projects\Starlight3D\StarlightEngine\StarlightEngine\Material.h(123,9): warning C4305: 'initializing': truncation from 'double' to 'float'
C:\projects\Starlight3D\StarlightEngine\StarlightEngine\Animation.h(103,44): warning C4244: '=': conversion from 'float' to 'int', possible loss of data
C:\projects\Starlight3D\Zen3D\Zen3D\ContentBrowser.cpp(62,36): warning C4244: 'argument': conversion from 'int' to 'float', possible loss of data
C:\projects\Starlight3D\Zen3D\Zen3D\ContentBrowser.cpp(62,32): warning C4244: 'argument': conversion from 'int' to 'float', possible loss of data
C:\projects\Starlight3D\Zen3D\Zen3D\ContentBrowser.cpp(76,43): warning C4244: 'argument': conversion from 'int' to 'float', possible loss of data
C:\projects\Starlight3D\Zen3D\Zen3D\ContentBrowser.cpp(76,35): warning C4244: 'argument': conversion from 'int' to 'float', possible loss of data
C:\projects\Starlight3D\Zen3D\Zen3D\ContentBrowser.cpp(101,36): warning C4244: 'argument': conversion from 'int' to 'float', possible loss of data
C:\projects\Starlight3D\Zen3D\Zen3D\ContentBrowser.cpp(101,32): warning C4244: 'argument': conversion from 'int' to 'float', possible loss of data
C:\projects\Starlight3D\Zen3D\Zen3D\ContentBrowser.cpp(191,43): warning C4244: 'argument': conversion from 'int' to 'float', possible loss of data
C:\projects\Starlight3D\Zen3D\Zen3D\ContentBrowser.cpp(191,35): warning C4244: 'argument': conversion from 'int' to 'float', possible loss of data
C:\projects\Starlight3D\Zen3D\Zen3D\ContentBrowser.cpp(200,43): warning C4244: 'argument': conversion from 'int' to 'float', possible loss of data
C:\projects\Starlight3D\Zen3D\Zen3D\ContentBrowser.cpp(200,35): warning C4244: 'argument': conversion from 'int' to 'float', possible loss of data
C:\Program Files\Microsoft Visual Studio\2022\Community\VC\Tools\MSVC\14.34.31933\include\xstring(2857,53): warning C4244: 'argument': conversion from 'wchar_t' to 'const _Elem', possible loss of data
          with
          [
              _Elem=char
          ]
C:\Program Files\Microsoft Visual Studio\2022\Community\VC\Tools\MSVC\14.34.31933\include\xstring(2718,1): message : see reference to function template instantiation 'void std::basic_string<char,std::char_traits<char>,std::allocator<char>>::_Construct_from_iter<wchar_t*,wchar_t*,_Size_type>(_Iter,const _Sent,_Size)' being compiled
          with
          [
              _Size_type=unsigned __int64,
              _Iter=wchar_t *,
              _Sent=wchar_t *,
              _Size=unsigned __int64
          ]
C:\Program Files\Microsoft Visual Studio\2022\Community\VC\Tools\MSVC\14.34.31933\include\xstring(2718,37): message : see reference to function template instantiation 'void std::basic_string<char,std::char_traits<char>,std::allocator<char>>::_Construct_from_iter<wchar_t*,wchar_t*,_Size_type>(_Iter,const _Sent,_Size)' being compiled
          with
          [
              _Size_type=unsigned __int64,
              _Iter=wchar_t *,
              _Sent=wchar_t *,
              _Size=unsigned __int64
          ]
C:\projects\Starlight3D\StarlightEngine\StarlightEngine\DirCollection.h(43,1): message : see reference to function template instantiation 'std::basic_string<char,std::char_traits<char>,std::allocator<char>>::basic_string<std::_String_iterator<std::_String_val<std::_Simple_types<_Elem>>>,0>(_Iter,_Iter,const _Alloc &)' being compiled
          with
          [
              _Elem=wchar_t,
              _Iter=std::_String_iterator<std::_String_val<std::_Simple_types<wchar_t>>>,
              _Alloc=std::allocator<char>
          ]
C:\projects\Starlight3D\StarlightEngine\StarlightEngine\DirCollection.h(43,19): message : see reference to function template instantiation 'std::basic_string<char,std::char_traits<char>,std::allocator<char>>::basic_string<std::_String_iterator<std::_String_val<std::_Simple_types<_Elem>>>,0>(_Iter,_Iter,const _Alloc &)' being compiled
          with
          [
              _Elem=wchar_t,
              _Iter=std::_String_iterator<std::_String_val<std::_Simple_types<wchar_t>>>,
              _Alloc=std::allocator<char>
          ]
  Zen3D.vcxproj -> C:\ZenEditor\Zen3D.exe
