c:\projects\starlight3d\starlightstudio\starlightstudio\x64\debug\vc143.pdb
c:\projects\starlight3d\starlightstudio\starlightstudio\x64\debug\vc143.idb
c:\projects\starlight3d\starlightstudio\starlightstudio\x64\debug\starlightstudio.obj
c:\projects\starlight3d\starlightstudio\starlightstudio\x64\debug\slapp.obj
c:\projects\starlight3d\starlightstudio\starlightstudio\x64\debug\starlightstudio.res
c:\projects\starlight3d\starlightstudio\x64\debug\starlightstudio.pdb
c:\projects\starlight3d\starlightstudio\starlightstudio\x64\debug\starlightstudio.tlog\cl.command.1.tlog
c:\projects\starlight3d\starlightstudio\starlightstudio\x64\debug\starlightstudio.tlog\cl.read.1.tlog
c:\projects\starlight3d\starlightstudio\starlightstudio\x64\debug\starlightstudio.tlog\cl.write.1.tlog
c:\projects\starlight3d\starlightstudio\starlightstudio\x64\debug\starlightstudio.tlog\link-cvtres.read.1.tlog
c:\projects\starlight3d\starlightstudio\starlightstudio\x64\debug\starlightstudio.tlog\link-cvtres.write.1.tlog
c:\projects\starlight3d\starlightstudio\starlightstudio\x64\debug\starlightstudio.tlog\link-rc.read.1.tlog
c:\projects\starlight3d\starlightstudio\starlightstudio\x64\debug\starlightstudio.tlog\link-rc.write.1.tlog
c:\projects\starlight3d\starlightstudio\starlightstudio\x64\debug\starlightstudio.tlog\link.command.1.tlog
c:\projects\starlight3d\starlightstudio\starlightstudio\x64\debug\starlightstudio.tlog\link.read.1.tlog
c:\projects\starlight3d\starlightstudio\starlightstudio\x64\debug\starlightstudio.tlog\link.read.2.tlog
c:\projects\starlight3d\starlightstudio\starlightstudio\x64\debug\starlightstudio.tlog\link.write.1.tlog
c:\projects\starlight3d\starlightstudio\starlightstudio\x64\debug\starlightstudio.tlog\rc.command.1.tlog
c:\projects\starlight3d\starlightstudio\starlightstudio\x64\debug\starlightstudio.tlog\rc.read.1.tlog
c:\projects\starlight3d\starlightstudio\starlightstudio\x64\debug\starlightstudio.tlog\rc.write.1.tlog
