  LINK : C:\projects\Starlight3D\StarlightStudio\x64\Debug\Zen.exe not found or not built by the last incremental link; performing full link
StarlightEngine.lib(imgui.obj) : warning LNK4099: PDB '' was not found with 'StarlightEngine.lib(imgui.obj)' or at ''; linking object as if no debug info
StarlightEngine.lib(imgui_widgets.obj) : warning LNK4099: PDB '' was not found with 'StarlightEngine.lib(imgui_widgets.obj)' or at ''; linking object as if no debug info
StarlightEngine.lib(ZContextVar.obj) : warning LNK4204: '' is missing debugging information for referencing module; linking object as if no debug info
StarlightEngine.lib(ZClassNode.obj) : warning LNK4204: '' is missing debugging information for referencing module; linking object as if no debug info
StarlightEngine.lib(imgui_draw.obj) : warning LNK4099: PDB '' was not found with 'StarlightEngine.lib(imgui_draw.obj)' or at ''; linking object as if no debug info
StarlightEngine.lib(ImGuiImplDiligent.obj) : warning LNK4099: PDB '' was not found with 'StarlightEngine.lib(ImGuiImplDiligent.obj)' or at ''; linking object as if no debug info
StarlightEngine.lib(ImGuiImplWin32.obj) : warning LNK4099: PDB '' was not found with 'StarlightEngine.lib(ImGuiImplWin32.obj)' or at ''; linking object as if no debug info
StarlightEngine.lib(Win32Debug.obj) : warning LNK4099: PDB '' was not found with 'StarlightEngine.lib(Win32Debug.obj)' or at ''; linking object as if no debug info
StarlightEngine.lib(ZScriptContext.obj) : warning LNK4204: '' is missing debugging information for referencing module; linking object as if no debug info
StarlightEngine.lib(ZSource.obj) : warning LNK4204: '' is missing debugging information for referencing module; linking object as if no debug info
StarlightEngine.lib(ZTokenizer.obj) : warning LNK4204: '' is missing debugging information for referencing module; linking object as if no debug info
StarlightEngine.lib(ZParser.obj) : warning LNK4204: '' is missing debugging information for referencing module; linking object as if no debug info
StarlightEngine.lib(ZSystemFunction.obj) : warning LNK4204: '' is missing debugging information for referencing module; linking object as if no debug info
StarlightEngine.lib(ZSystemFunctions.obj) : warning LNK4204: '' is missing debugging information for referencing module; linking object as if no debug info
StarlightEngine.lib(imgui_tables.obj) : warning LNK4099: PDB '' was not found with 'StarlightEngine.lib(imgui_tables.obj)' or at ''; linking object as if no debug info
StarlightEngine.lib(ZScriptNode.obj) : warning LNK4204: '' is missing debugging information for referencing module; linking object as if no debug info
StarlightEngine.lib(ZContextScope.obj) : warning LNK4204: '' is missing debugging information for referencing module; linking object as if no debug info
StarlightEngine.lib(ZMethodNode.obj) : warning LNK4204: '' is missing debugging information for referencing module; linking object as if no debug info
StarlightEngine.lib(ZVarsNode.obj) : warning LNK4204: '' is missing debugging information for referencing module; linking object as if no debug info
StarlightEngine.lib(ZExpressionNode.obj) : warning LNK4204: '' is missing debugging information for referencing module; linking object as if no debug info
StarlightEngine.lib(TextureUtilities.obj) : warning LNK4099: PDB '' was not found with 'StarlightEngine.lib(TextureUtilities.obj)' or at ''; linking object as if no debug info
StarlightEngine.lib(ImGuiDiligentRenderer.obj) : warning LNK4099: PDB '' was not found with 'StarlightEngine.lib(ImGuiDiligentRenderer.obj)' or at ''; linking object as if no debug info
StarlightEngine.lib(imgui_impl_win32.obj) : warning LNK4099: PDB '' was not found with 'StarlightEngine.lib(imgui_impl_win32.obj)' or at ''; linking object as if no debug info
StarlightEngine.lib(BasicPlatformDebug.obj) : warning LNK4099: PDB '' was not found with 'StarlightEngine.lib(BasicPlatformDebug.obj)' or at ''; linking object as if no debug info
StarlightEngine.lib(ZProgramNode.obj) : warning LNK4204: '' is missing debugging information for referencing module; linking object as if no debug info
StarlightEngine.lib(ZParseCodeBody.obj) : warning LNK4204: '' is missing debugging information for referencing module; linking object as if no debug info
StarlightEngine.lib(ZTokenStream.obj) : warning LNK4204: '' is missing debugging information for referencing module; linking object as if no debug info
StarlightEngine.lib(ZParseScript.obj) : warning LNK4204: '' is missing debugging information for referencing module; linking object as if no debug info
StarlightEngine.lib(ZClassStatementNode.obj) : warning LNK4204: '' is missing debugging information for referencing module; linking object as if no debug info
StarlightEngine.lib(TextureLoaderImpl.obj) : warning LNK4099: PDB '' was not found with 'StarlightEngine.lib(TextureLoaderImpl.obj)' or at ''; linking object as if no debug info
StarlightEngine.lib(BasicFileSystem.obj) : warning LNK4099: PDB '' was not found with 'StarlightEngine.lib(BasicFileSystem.obj)' or at ''; linking object as if no debug info
StarlightEngine.lib(ZParseNode.obj) : warning LNK4204: '' is missing debugging information for referencing module; linking object as if no debug info
StarlightEngine.lib(ZParseStatement.obj) : warning LNK4204: '' is missing debugging information for referencing module; linking object as if no debug info
StarlightEngine.lib(ZParseVars.obj) : warning LNK4204: '' is missing debugging information for referencing module; linking object as if no debug info
StarlightEngine.lib(ZCodeBodyNode.obj) : warning LNK4204: '' is missing debugging information for referencing module; linking object as if no debug info
StarlightEngine.lib(ZParseClassStatement.obj) : warning LNK4204: '' is missing debugging information for referencing module; linking object as if no debug info
StarlightEngine.lib(ZParseAssign.obj) : warning LNK4204: '' is missing debugging information for referencing module; linking object as if no debug info
StarlightEngine.lib(ZParseIf.obj) : warning LNK4204: '' is missing debugging information for referencing module; linking object as if no debug info
StarlightEngine.lib(ZParseFor.obj) : warning LNK4204: '' is missing debugging information for referencing module; linking object as if no debug info
StarlightEngine.lib(ZParseReturn.obj) : warning LNK4204: '' is missing debugging information for referencing module; linking object as if no debug info
StarlightEngine.lib(ZParseWhile.obj) : warning LNK4204: '' is missing debugging information for referencing module; linking object as if no debug info
StarlightEngine.lib(ZIncNode.obj) : warning LNK4204: '' is missing debugging information for referencing module; linking object as if no debug info
StarlightEngine.lib(ZParseClass.obj) : warning LNK4204: '' is missing debugging information for referencing module; linking object as if no debug info
StarlightEngine.lib(ZParametersNode.obj) : warning LNK4204: '' is missing debugging information for referencing module; linking object as if no debug info
StarlightEngine.lib(SpinLock.obj) : warning LNK4099: PDB '' was not found with 'StarlightEngine.lib(SpinLock.obj)' or at ''; linking object as if no debug info
StarlightEngine.lib(Image.obj) : warning LNK4099: PDB '' was not found with 'StarlightEngine.lib(Image.obj)' or at ''; linking object as if no debug info
StarlightEngine.lib(KTXLoader.obj) : warning LNK4099: PDB '' was not found with 'StarlightEngine.lib(KTXLoader.obj)' or at ''; linking object as if no debug info
StarlightEngine.lib(DDSLoader.obj) : warning LNK4099: PDB '' was not found with 'StarlightEngine.lib(DDSLoader.obj)' or at ''; linking object as if no debug info
StarlightEngine.lib(GraphicsAccessories.obj) : warning LNK4099: PDB '' was not found with 'StarlightEngine.lib(GraphicsAccessories.obj)' or at ''; linking object as if no debug info
StarlightEngine.lib(GraphicsUtilities.obj) : warning LNK4099: PDB '' was not found with 'StarlightEngine.lib(GraphicsUtilities.obj)' or at ''; linking object as if no debug info
StarlightEngine.lib(StandardFile.obj) : warning LNK4099: PDB '' was not found with 'StarlightEngine.lib(StandardFile.obj)' or at ''; linking object as if no debug info
StarlightEngine.lib(Win32FileSystem.obj) : warning LNK4099: PDB '' was not found with 'StarlightEngine.lib(Win32FileSystem.obj)' or at ''; linking object as if no debug info
StarlightEngine.lib(DataBlobImpl.obj) : warning LNK4099: PDB '' was not found with 'StarlightEngine.lib(DataBlobImpl.obj)' or at ''; linking object as if no debug info
StarlightEngine.lib(PNGCodec.obj) : warning LNK4099: PDB '' was not found with 'StarlightEngine.lib(PNGCodec.obj)' or at ''; linking object as if no debug info
StarlightEngine.lib(JPEGCodec.obj) : warning LNK4099: PDB '' was not found with 'StarlightEngine.lib(JPEGCodec.obj)' or at ''; linking object as if no debug info
StarlightEngine.lib(ZStatementNode.obj) : warning LNK4204: '' is missing debugging information for referencing module; linking object as if no debug info
StarlightEngine.lib(ZParseParameters.obj) : warning LNK4204: '' is missing debugging information for referencing module; linking object as if no debug info
StarlightEngine.lib(ZParseExpression.obj) : warning LNK4204: '' is missing debugging information for referencing module; linking object as if no debug info
StarlightEngine.lib(ZParseNew.obj) : warning LNK4204: '' is missing debugging information for referencing module; linking object as if no debug info
StarlightEngine.lib(ZAssignNode.obj) : warning LNK4204: '' is missing debugging information for referencing module; linking object as if no debug info
StarlightEngine.lib(ZIfnode.obj) : warning LNK4204: '' is missing debugging information for referencing module; linking object as if no debug info
StarlightEngine.lib(ZForNode.obj) : warning LNK4204: '' is missing debugging information for referencing module; linking object as if no debug info
StarlightEngine.lib(ZReturnNode.obj) : warning LNK4204: '' is missing debugging information for referencing module; linking object as if no debug info
StarlightEngine.lib(ZWhileNode.obj) : warning LNK4204: '' is missing debugging information for referencing module; linking object as if no debug info
StarlightEngine.lib(ZParseMethod.obj) : warning LNK4204: '' is missing debugging information for referencing module; linking object as if no debug info
StarlightEngine.lib(tif_close.obj) : warning LNK4099: PDB '' was not found with 'StarlightEngine.lib(tif_close.obj)' or at ''; linking object as if no debug info
StarlightEngine.lib(tif_dir.obj) : warning LNK4099: PDB '' was not found with 'StarlightEngine.lib(tif_dir.obj)' or at ''; linking object as if no debug info
StarlightEngine.lib(tif_strip.obj) : warning LNK4099: PDB '' was not found with 'StarlightEngine.lib(tif_strip.obj)' or at ''; linking object as if no debug info
StarlightEngine.lib(tif_read.obj) : warning LNK4099: PDB '' was not found with 'StarlightEngine.lib(tif_read.obj)' or at ''; linking object as if no debug info
StarlightEngine.lib(tif_open.obj) : warning LNK4099: PDB '' was not found with 'StarlightEngine.lib(tif_open.obj)' or at ''; linking object as if no debug info
StarlightEngine.lib(SGILoader.obj) : warning LNK4099: PDB '' was not found with 'StarlightEngine.lib(SGILoader.obj)' or at ''; linking object as if no debug info
StarlightEngine.lib(BasicFileStream.obj) : warning LNK4099: PDB '' was not found with 'StarlightEngine.lib(BasicFileStream.obj)' or at ''; linking object as if no debug info
StarlightEngine.lib(png.obj) : warning LNK4099: PDB '' was not found with 'StarlightEngine.lib(png.obj)' or at ''; linking object as if no debug info
StarlightEngine.lib(pngread.obj) : warning LNK4099: PDB '' was not found with 'StarlightEngine.lib(pngread.obj)' or at ''; linking object as if no debug info
StarlightEngine.lib(pngwrite.obj) : warning LNK4099: PDB '' was not found with 'StarlightEngine.lib(pngwrite.obj)' or at ''; linking object as if no debug info
StarlightEngine.lib(pngerror.obj) : warning LNK4099: PDB '' was not found with 'StarlightEngine.lib(pngerror.obj)' or at ''; linking object as if no debug info
StarlightEngine.lib(pngrtran.obj) : warning LNK4099: PDB '' was not found with 'StarlightEngine.lib(pngrtran.obj)' or at ''; linking object as if no debug info
StarlightEngine.lib(pngtrans.obj) : warning LNK4099: PDB '' was not found with 'StarlightEngine.lib(pngtrans.obj)' or at ''; linking object as if no debug info
StarlightEngine.lib(pngwio.obj) : warning LNK4099: PDB '' was not found with 'StarlightEngine.lib(pngwio.obj)' or at ''; linking object as if no debug info
StarlightEngine.lib(pngrio.obj) : warning LNK4099: PDB '' was not found with 'StarlightEngine.lib(pngrio.obj)' or at ''; linking object as if no debug info
StarlightEngine.lib(pngget.obj) : warning LNK4099: PDB '' was not found with 'StarlightEngine.lib(pngget.obj)' or at ''; linking object as if no debug info
StarlightEngine.lib(pngset.obj) : warning LNK4099: PDB '' was not found with 'StarlightEngine.lib(pngset.obj)' or at ''; linking object as if no debug info
StarlightEngine.lib(jerror.obj) : warning LNK4099: PDB '' was not found with 'StarlightEngine.lib(jerror.obj)' or at ''; linking object as if no debug info
StarlightEngine.lib(jcapimin.obj) : warning LNK4099: PDB '' was not found with 'StarlightEngine.lib(jcapimin.obj)' or at ''; linking object as if no debug info
StarlightEngine.lib(jdapimin.obj) : warning LNK4099: PDB '' was not found with 'StarlightEngine.lib(jdapimin.obj)' or at ''; linking object as if no debug info
StarlightEngine.lib(jdatadst.obj) : warning LNK4099: PDB '' was not found with 'StarlightEngine.lib(jdatadst.obj)' or at ''; linking object as if no debug info
StarlightEngine.lib(jdatasrc.obj) : warning LNK4099: PDB '' was not found with 'StarlightEngine.lib(jdatasrc.obj)' or at ''; linking object as if no debug info
StarlightEngine.lib(jcparam.obj) : warning LNK4099: PDB '' was not found with 'StarlightEngine.lib(jcparam.obj)' or at ''; linking object as if no debug info
StarlightEngine.lib(jcapistd.obj) : warning LNK4099: PDB '' was not found with 'StarlightEngine.lib(jcapistd.obj)' or at ''; linking object as if no debug info
StarlightEngine.lib(jdapistd.obj) : warning LNK4099: PDB '' was not found with 'StarlightEngine.lib(jdapistd.obj)' or at ''; linking object as if no debug info
StarlightEngine.lib(ZNewNode.obj) : warning LNK4204: '' is missing debugging information for referencing module; linking object as if no debug info
StarlightEngine.lib(ZParseSignature.obj) : warning LNK4204: '' is missing debugging information for referencing module; linking object as if no debug info
StarlightEngine.lib(tif_win32.obj) : warning LNK4099: PDB '' was not found with 'StarlightEngine.lib(tif_win32.obj)' or at ''; linking object as if no debug info
StarlightEngine.lib(tif_flush.obj) : warning LNK4099: PDB '' was not found with 'StarlightEngine.lib(tif_flush.obj)' or at ''; linking object as if no debug info
StarlightEngine.lib(tif_dirinfo.obj) : warning LNK4099: PDB '' was not found with 'StarlightEngine.lib(tif_dirinfo.obj)' or at ''; linking object as if no debug info
StarlightEngine.lib(tif_dirread.obj) : warning LNK4099: PDB '' was not found with 'StarlightEngine.lib(tif_dirread.obj)' or at ''; linking object as if no debug info
StarlightEngine.lib(tif_error.obj) : warning LNK4099: PDB '' was not found with 'StarlightEngine.lib(tif_error.obj)' or at ''; linking object as if no debug info
StarlightEngine.lib(tif_warning.obj) : warning LNK4099: PDB '' was not found with 'StarlightEngine.lib(tif_warning.obj)' or at ''; linking object as if no debug info
StarlightEngine.lib(tif_swab.obj) : warning LNK4099: PDB '' was not found with 'StarlightEngine.lib(tif_swab.obj)' or at ''; linking object as if no debug info
StarlightEngine.lib(tif_compress.obj) : warning LNK4099: PDB '' was not found with 'StarlightEngine.lib(tif_compress.obj)' or at ''; linking object as if no debug info
StarlightEngine.lib(tif_aux.obj) : warning LNK4099: PDB '' was not found with 'StarlightEngine.lib(tif_aux.obj)' or at ''; linking object as if no debug info
StarlightEngine.lib(tif_tile.obj) : warning LNK4099: PDB '' was not found with 'StarlightEngine.lib(tif_tile.obj)' or at ''; linking object as if no debug info
StarlightEngine.lib(pngmem.obj) : warning LNK4099: PDB '' was not found with 'StarlightEngine.lib(pngmem.obj)' or at ''; linking object as if no debug info
StarlightEngine.lib(inflate.obj) : warning LNK4099: PDB '' was not found with 'StarlightEngine.lib(inflate.obj)' or at ''; linking object as if no debug info
StarlightEngine.lib(adler32.obj) : warning LNK4099: PDB '' was not found with 'StarlightEngine.lib(adler32.obj)' or at ''; linking object as if no debug info
StarlightEngine.lib(crc32.obj) : warning LNK4099: PDB '' was not found with 'StarlightEngine.lib(crc32.obj)' or at ''; linking object as if no debug info
StarlightEngine.lib(pngrutil.obj) : warning LNK4099: PDB '' was not found with 'StarlightEngine.lib(pngrutil.obj)' or at ''; linking object as if no debug info
StarlightEngine.lib(pngwutil.obj) : warning LNK4099: PDB '' was not found with 'StarlightEngine.lib(pngwutil.obj)' or at ''; linking object as if no debug info
StarlightEngine.lib(deflate.obj) : warning LNK4099: PDB '' was not found with 'StarlightEngine.lib(deflate.obj)' or at ''; linking object as if no debug info
StarlightEngine.lib(pngwtran.obj) : warning LNK4099: PDB '' was not found with 'StarlightEngine.lib(pngwtran.obj)' or at ''; linking object as if no debug info
StarlightEngine.lib(jcomapi.obj) : warning LNK4099: PDB '' was not found with 'StarlightEngine.lib(jcomapi.obj)' or at ''; linking object as if no debug info
StarlightEngine.lib(jcmarker.obj) : warning LNK4099: PDB '' was not found with 'StarlightEngine.lib(jcmarker.obj)' or at ''; linking object as if no debug info
StarlightEngine.lib(jmemmgr.obj) : warning LNK4099: PDB '' was not found with 'StarlightEngine.lib(jmemmgr.obj)' or at ''; linking object as if no debug info
StarlightEngine.lib(jutils.obj) : warning LNK4099: PDB '' was not found with 'StarlightEngine.lib(jutils.obj)' or at ''; linking object as if no debug info
StarlightEngine.lib(jdinput.obj) : warning LNK4099: PDB '' was not found with 'StarlightEngine.lib(jdinput.obj)' or at ''; linking object as if no debug info
StarlightEngine.lib(jdmarker.obj) : warning LNK4099: PDB '' was not found with 'StarlightEngine.lib(jdmarker.obj)' or at ''; linking object as if no debug info
StarlightEngine.lib(jcinit.obj) : warning LNK4099: PDB '' was not found with 'StarlightEngine.lib(jcinit.obj)' or at ''; linking object as if no debug info
StarlightEngine.lib(jdmaster.obj) : warning LNK4099: PDB '' was not found with 'StarlightEngine.lib(jdmaster.obj)' or at ''; linking object as if no debug info
StarlightEngine.lib(ZParseSigParam.obj) : warning LNK4204: '' is missing debugging information for referencing module; linking object as if no debug info
StarlightEngine.lib(ZSignatureNode.obj) : warning LNK4204: '' is missing debugging information for referencing module; linking object as if no debug info
StarlightEngine.lib(tif_write.obj) : warning LNK4099: PDB '' was not found with 'StarlightEngine.lib(tif_write.obj)' or at ''; linking object as if no debug info
StarlightEngine.lib(tif_dirwrite.obj) : warning LNK4099: PDB '' was not found with 'StarlightEngine.lib(tif_dirwrite.obj)' or at ''; linking object as if no debug info
StarlightEngine.lib(tif_codec.obj) : warning LNK4099: PDB '' was not found with 'StarlightEngine.lib(tif_codec.obj)' or at ''; linking object as if no debug info
StarlightEngine.lib(zutil.obj) : warning LNK4099: PDB '' was not found with 'StarlightEngine.lib(zutil.obj)' or at ''; linking object as if no debug info
StarlightEngine.lib(inftrees.obj) : warning LNK4099: PDB '' was not found with 'StarlightEngine.lib(inftrees.obj)' or at ''; linking object as if no debug info
StarlightEngine.lib(inffast.obj) : warning LNK4099: PDB '' was not found with 'StarlightEngine.lib(inffast.obj)' or at ''; linking object as if no debug info
StarlightEngine.lib(trees.obj) : warning LNK4099: PDB '' was not found with 'StarlightEngine.lib(trees.obj)' or at ''; linking object as if no debug info
StarlightEngine.lib(jmemnobs.obj) : warning LNK4099: PDB '' was not found with 'StarlightEngine.lib(jmemnobs.obj)' or at ''; linking object as if no debug info
StarlightEngine.lib(jcmaster.obj) : warning LNK4099: PDB '' was not found with 'StarlightEngine.lib(jcmaster.obj)' or at ''; linking object as if no debug info
StarlightEngine.lib(jcmainct.obj) : warning LNK4099: PDB '' was not found with 'StarlightEngine.lib(jcmainct.obj)' or at ''; linking object as if no debug info
StarlightEngine.lib(jcprepct.obj) : warning LNK4099: PDB '' was not found with 'StarlightEngine.lib(jcprepct.obj)' or at ''; linking object as if no debug info
StarlightEngine.lib(jccoefct.obj) : warning LNK4099: PDB '' was not found with 'StarlightEngine.lib(jccoefct.obj)' or at ''; linking object as if no debug info
StarlightEngine.lib(jccolor.obj) : warning LNK4099: PDB '' was not found with 'StarlightEngine.lib(jccolor.obj)' or at ''; linking object as if no debug info
StarlightEngine.lib(jcsample.obj) : warning LNK4099: PDB '' was not found with 'StarlightEngine.lib(jcsample.obj)' or at ''; linking object as if no debug info
StarlightEngine.lib(jcdctmgr.obj) : warning LNK4099: PDB '' was not found with 'StarlightEngine.lib(jcdctmgr.obj)' or at ''; linking object as if no debug info
StarlightEngine.lib(jchuff.obj) : warning LNK4099: PDB '' was not found with 'StarlightEngine.lib(jchuff.obj)' or at ''; linking object as if no debug info
StarlightEngine.lib(jcarith.obj) : warning LNK4099: PDB '' was not found with 'StarlightEngine.lib(jcarith.obj)' or at ''; linking object as if no debug info
StarlightEngine.lib(jdmainct.obj) : warning LNK4099: PDB '' was not found with 'StarlightEngine.lib(jdmainct.obj)' or at ''; linking object as if no debug info
StarlightEngine.lib(jdcoefct.obj) : warning LNK4099: PDB '' was not found with 'StarlightEngine.lib(jdcoefct.obj)' or at ''; linking object as if no debug info
StarlightEngine.lib(jdpostct.obj) : warning LNK4099: PDB '' was not found with 'StarlightEngine.lib(jdpostct.obj)' or at ''; linking object as if no debug info
StarlightEngine.lib(jdhuff.obj) : warning LNK4099: PDB '' was not found with 'StarlightEngine.lib(jdhuff.obj)' or at ''; linking object as if no debug info
StarlightEngine.lib(jdarith.obj) : warning LNK4099: PDB '' was not found with 'StarlightEngine.lib(jdarith.obj)' or at ''; linking object as if no debug info
StarlightEngine.lib(jddctmgr.obj) : warning LNK4099: PDB '' was not found with 'StarlightEngine.lib(jddctmgr.obj)' or at ''; linking object as if no debug info
StarlightEngine.lib(jdsample.obj) : warning LNK4099: PDB '' was not found with 'StarlightEngine.lib(jdsample.obj)' or at ''; linking object as if no debug info
StarlightEngine.lib(jdcolor.obj) : warning LNK4099: PDB '' was not found with 'StarlightEngine.lib(jdcolor.obj)' or at ''; linking object as if no debug info
StarlightEngine.lib(jquant1.obj) : warning LNK4099: PDB '' was not found with 'StarlightEngine.lib(jquant1.obj)' or at ''; linking object as if no debug info
StarlightEngine.lib(jquant2.obj) : warning LNK4099: PDB '' was not found with 'StarlightEngine.lib(jquant2.obj)' or at ''; linking object as if no debug info
StarlightEngine.lib(jdmerge.obj) : warning LNK4099: PDB '' was not found with 'StarlightEngine.lib(jdmerge.obj)' or at ''; linking object as if no debug info
StarlightEngine.lib(ZSigParamNode.obj) : warning LNK4204: '' is missing debugging information for referencing module; linking object as if no debug info
StarlightEngine.lib(tif_dumpmode.obj) : warning LNK4099: PDB '' was not found with 'StarlightEngine.lib(tif_dumpmode.obj)' or at ''; linking object as if no debug info
StarlightEngine.lib(tif_packbits.obj) : warning LNK4099: PDB '' was not found with 'StarlightEngine.lib(tif_packbits.obj)' or at ''; linking object as if no debug info
StarlightEngine.lib(tif_fax3.obj) : warning LNK4099: PDB '' was not found with 'StarlightEngine.lib(tif_fax3.obj)' or at ''; linking object as if no debug info
StarlightEngine.lib(tif_thunder.obj) : warning LNK4099: PDB '' was not found with 'StarlightEngine.lib(tif_thunder.obj)' or at ''; linking object as if no debug info
StarlightEngine.lib(tif_next.obj) : warning LNK4099: PDB '' was not found with 'StarlightEngine.lib(tif_next.obj)' or at ''; linking object as if no debug info
StarlightEngine.lib(tif_lzw.obj) : warning LNK4099: PDB '' was not found with 'StarlightEngine.lib(tif_lzw.obj)' or at ''; linking object as if no debug info
StarlightEngine.lib(tif_luv.obj) : warning LNK4099: PDB '' was not found with 'StarlightEngine.lib(tif_luv.obj)' or at ''; linking object as if no debug info
StarlightEngine.lib(jfdctint.obj) : warning LNK4099: PDB '' was not found with 'StarlightEngine.lib(jfdctint.obj)' or at ''; linking object as if no debug info
StarlightEngine.lib(jfdctfst.obj) : warning LNK4099: PDB '' was not found with 'StarlightEngine.lib(jfdctfst.obj)' or at ''; linking object as if no debug info
StarlightEngine.lib(jfdctflt.obj) : warning LNK4099: PDB '' was not found with 'StarlightEngine.lib(jfdctflt.obj)' or at ''; linking object as if no debug info
StarlightEngine.lib(jaricom.obj) : warning LNK4099: PDB '' was not found with 'StarlightEngine.lib(jaricom.obj)' or at ''; linking object as if no debug info
StarlightEngine.lib(jidctint.obj) : warning LNK4099: PDB '' was not found with 'StarlightEngine.lib(jidctint.obj)' or at ''; linking object as if no debug info
StarlightEngine.lib(jidctfst.obj) : warning LNK4099: PDB '' was not found with 'StarlightEngine.lib(jidctfst.obj)' or at ''; linking object as if no debug info
StarlightEngine.lib(jidctflt.obj) : warning LNK4099: PDB '' was not found with 'StarlightEngine.lib(jidctflt.obj)' or at ''; linking object as if no debug info
StarlightEngine.lib(tif_fax3sm.obj) : warning LNK4099: PDB '' was not found with 'StarlightEngine.lib(tif_fax3sm.obj)' or at ''; linking object as if no debug info
StarlightEngine.lib(tif_predict.obj) : warning LNK4099: PDB '' was not found with 'StarlightEngine.lib(tif_predict.obj)' or at ''; linking object as if no debug info
  Zen.vcxproj -> C:\projects\Starlight3D\StarlightStudio\x64\Debug\Zen.exe
