c:\projects\starlight3d\zen3d\zen3d\x64\release\vc143.pdb
c:\projects\starlight3d\zen3d\zen3d\x64\release\zenui.obj
c:\projects\starlight3d\zen3d\zen3d\x64\release\viewport.obj
c:\projects\starlight3d\zen3d\zen3d\x64\release\scenegraph.obj
c:\projects\starlight3d\zen3d\zen3d\x64\release\saving.obj
c:\projects\starlight3d\zen3d\zen3d\x64\release\nodeeditor.obj
c:\projects\starlight3d\zen3d\zen3d\x64\release\contentbrowser.obj
c:\projects\starlight3d\zen3d\zen3d\x64\release\znotification.obj
c:\projects\starlight3d\zen3d\zen3d\x64\release\zen.obj
c:\projects\starlight3d\zen3d\zen3d\x64\release\postprocesswindow.obj
c:\projects\starlight3d\zen3d\zen3d\x64\release\playrelated.obj
c:\projects\starlight3d\zen3d\zen3d\x64\release\notify.obj
c:\projects\starlight3d\zen3d\zen3d\x64\release\mainmenu.obj
c:\projects\starlight3d\zen3d\zen3d\x64\release\loading.obj
c:\projects\starlight3d\zen3d\zen3d\x64\release\appzen.obj
c:\projects\starlight3d\zen3d\zen3d\x64\release\zen3d.iobj
c:\projects\starlight3d\starlightstudio\x64\release\zen3d.pdb
c:\projects\starlight3d\zen3d\zen3d\x64\release\zen3d.tlog\cl.command.1.tlog
c:\projects\starlight3d\zen3d\zen3d\x64\release\zen3d.tlog\cl.read.1.tlog
c:\projects\starlight3d\zen3d\zen3d\x64\release\zen3d.tlog\cl.write.1.tlog
c:\projects\starlight3d\zen3d\zen3d\x64\release\zen3d.tlog\link.20164.read.1.tlog
c:\projects\starlight3d\zen3d\zen3d\x64\release\zen3d.tlog\link.20164.write.1.tlog
c:\projects\starlight3d\zen3d\zen3d\x64\release\zen3d.tlog\link.23288.read.1.tlog
c:\projects\starlight3d\zen3d\zen3d\x64\release\zen3d.tlog\link.23288.write.1.tlog
c:\projects\starlight3d\zen3d\zen3d\x64\release\zen3d.tlog\link.command.1.tlog
c:\projects\starlight3d\zen3d\zen3d\x64\release\zen3d.tlog\link.read.1.tlog
c:\projects\starlight3d\zen3d\zen3d\x64\release\zen3d.tlog\link.write.1.tlog
