c:\projects\starlight3d\zenscript\zenscript\x64\release\zenscript.pch
c:\projects\starlight3d\starlightstudio\x64\release\zenscript.pdb
c:\projects\starlight3d\zenscript\zenscript\x64\release\pch.obj
c:\projects\starlight3d\zenscript\zenscript\x64\release\zparseclassstatement.obj
c:\projects\starlight3d\zenscript\zenscript\x64\release\zparseclass.obj
c:\projects\starlight3d\zenscript\zenscript\x64\release\zparseassign.obj
c:\projects\starlight3d\zenscript\zenscript\x64\release\zparametersnode.obj
c:\projects\starlight3d\zenscript\zenscript\x64\release\znewnode.obj
c:\projects\starlight3d\zenscript\zenscript\x64\release\zmethodnode.obj
c:\projects\starlight3d\zenscript\zenscript\x64\release\zincnode.obj
c:\projects\starlight3d\zenscript\zenscript\x64\release\zifnode.obj
c:\projects\starlight3d\zenscript\zenscript\x64\release\zfornode.obj
c:\projects\starlight3d\zenscript\zenscript\x64\release\zexpressionnode.obj
c:\projects\starlight3d\zenscript\zenscript\x64\release\zenscript.obj
c:\projects\starlight3d\zenscript\zenscript\x64\release\zenparser.obj
c:\projects\starlight3d\zenscript\zenscript\x64\release\zenbytecode.obj
c:\projects\starlight3d\zenscript\zenscript\x64\release\zcontextvar.obj
c:\projects\starlight3d\zenscript\zenscript\x64\release\zcontextscope.obj
c:\projects\starlight3d\zenscript\zenscript\x64\release\zcodebodynode.obj
c:\projects\starlight3d\zenscript\zenscript\x64\release\zclassstatementnode.obj
c:\projects\starlight3d\zenscript\zenscript\x64\release\zclassnode.obj
c:\projects\starlight3d\zenscript\zenscript\x64\release\zassignnode.obj
c:\projects\starlight3d\zenscript\zenscript\x64\release\dircollection.obj
c:\projects\starlight3d\zenscript\zenscript\x64\release\zscriptcontext.obj
c:\projects\starlight3d\zenscript\zenscript\x64\release\zreturnnode.obj
c:\projects\starlight3d\zenscript\zenscript\x64\release\zprogramnode.obj
c:\projects\starlight3d\zenscript\zenscript\x64\release\zparsewhile.obj
c:\projects\starlight3d\zenscript\zenscript\x64\release\zparsevars.obj
c:\projects\starlight3d\zenscript\zenscript\x64\release\zparsevalue.obj
c:\projects\starlight3d\zenscript\zenscript\x64\release\zparsestatement.obj
c:\projects\starlight3d\zenscript\zenscript\x64\release\zparsesigparam.obj
c:\projects\starlight3d\zenscript\zenscript\x64\release\zparsesignature.obj
c:\projects\starlight3d\zenscript\zenscript\x64\release\zparsescript.obj
c:\projects\starlight3d\zenscript\zenscript\x64\release\zparsereturn.obj
c:\projects\starlight3d\zenscript\zenscript\x64\release\zparser.obj
c:\projects\starlight3d\zenscript\zenscript\x64\release\zparseparameters.obj
c:\projects\starlight3d\zenscript\zenscript\x64\release\zparsenode.obj
c:\projects\starlight3d\zenscript\zenscript\x64\release\zparsenew.obj
c:\projects\starlight3d\zenscript\zenscript\x64\release\zparsemethod.obj
c:\projects\starlight3d\zenscript\zenscript\x64\release\zparseif.obj
c:\projects\starlight3d\zenscript\zenscript\x64\release\zparsefor.obj
c:\projects\starlight3d\zenscript\zenscript\x64\release\zparseexpression.obj
c:\projects\starlight3d\zenscript\zenscript\x64\release\zparsecodebody.obj
c:\projects\starlight3d\zenscript\zenscript\x64\release\zwhilenode.obj
c:\projects\starlight3d\zenscript\zenscript\x64\release\zvarsnode.obj
c:\projects\starlight3d\zenscript\zenscript\x64\release\ztokenstream.obj
c:\projects\starlight3d\zenscript\zenscript\x64\release\ztokenizer.obj
c:\projects\starlight3d\zenscript\zenscript\x64\release\zsystemfunctions.obj
c:\projects\starlight3d\zenscript\zenscript\x64\release\zsystemfunction.obj
c:\projects\starlight3d\zenscript\zenscript\x64\release\zstatementnode.obj
c:\projects\starlight3d\zenscript\zenscript\x64\release\zsource.obj
c:\projects\starlight3d\zenscript\zenscript\x64\release\zsigparamnode.obj
c:\projects\starlight3d\zenscript\zenscript\x64\release\zsignaturenode.obj
c:\projects\starlight3d\zenscript\zenscript\x64\release\zscriptnode.obj
c:\projects\starlight3d\starlightstudio\x64\release\zenscript.lib
c:\projects\starlight3d\zenscript\zenscript\x64\release\zenscript.tlog\cl.command.1.tlog
c:\projects\starlight3d\zenscript\zenscript\x64\release\zenscript.tlog\cl.read.1.tlog
c:\projects\starlight3d\zenscript\zenscript\x64\release\zenscript.tlog\cl.write.1.tlog
c:\projects\starlight3d\zenscript\zenscript\x64\release\zenscript.tlog\lib-link.read.1.tlog
c:\projects\starlight3d\zenscript\zenscript\x64\release\zenscript.tlog\lib-link.write.1.tlog
c:\projects\starlight3d\zenscript\zenscript\x64\release\zenscript.tlog\lib.command.1.tlog
